0 info it worked if it ends with ok
1 verbose cli [ '/usr/local/bin/node', '/usr/local/bin/npm', 'publish' ]
2 info using npm@3.10.10
3 info using node@v7.2.1
4 verbose publish [ '.' ]
5 silly cache add args [ '.', null ]
6 verbose cache add spec .
7 silly cache add parsed spec Result {
7 silly cache add   raw: '.',
7 silly cache add   scope: null,
7 silly cache add   escapedName: null,
7 silly cache add   name: null,
7 silly cache add   rawSpec: '.',
7 silly cache add   spec: '/Users/andreas/Documents/Web/Node/Intro',
7 silly cache add   type: 'directory' }
8 verbose addLocalDirectory /Users/andreas/.npm/hello-world/1.0.0/package.tgz not in flight; packing
9 verbose correctMkdir /Users/andreas/.npm correctMkdir not in flight; initializing
10 info lifecycle hello-world@1.0.0~prepublish: hello-world@1.0.0
11 silly lifecycle hello-world@1.0.0~prepublish: no script for prepublish, continuing
12 verbose tar pack [ '/Users/andreas/.npm/hello-world/1.0.0/package.tgz',
12 verbose tar pack   '/Users/andreas/Documents/Web/Node/Intro' ]
13 verbose tarball /Users/andreas/.npm/hello-world/1.0.0/package.tgz
14 verbose folder /Users/andreas/Documents/Web/Node/Intro
15 verbose addLocalTarball adding from inside cache /Users/andreas/.npm/hello-world/1.0.0/package.tgz
16 verbose correctMkdir /Users/andreas/.npm correctMkdir not in flight; initializing
17 silly cache afterAdd hello-world@1.0.0
18 verbose afterAdd /Users/andreas/.npm/hello-world/1.0.0/package/package.json not in flight; writing
19 verbose correctMkdir /Users/andreas/.npm correctMkdir not in flight; initializing
20 verbose afterAdd /Users/andreas/.npm/hello-world/1.0.0/package/package.json written
21 silly publish { name: 'hello-world',
21 silly publish   version: '1.0.0',
21 silly publish   description: 'node intro',
21 silly publish   main: 'webbrowser.js',
21 silly publish   dependencies: { express: '^4.15.5' },
21 silly publish   devDependencies: {},
21 silly publish   scripts:
21 silly publish    { test: 'nodeunit grader/tests/gradesTests.js',
21 silly publish      start: 'node webbrowser.js' },
21 silly publish   author: { name: 'Andreas Alme' },
21 silly publish   license: 'ISC',
21 silly publish   repository:
21 silly publish    { type: 'git',
21 silly publish      url: 'git+https://github.com/Addibro/nodetest.git' },
21 silly publish   keywords: [ 'hello' ],
21 silly publish   bugs: { url: 'https://github.com/Addibro/nodetest/issues' },
21 silly publish   homepage: 'https://github.com/Addibro/nodetest#readme',
21 silly publish   gitHead: '80464b11b12b6c9a401130686e9800767dbf6544',
21 silly publish   readme: 'ERROR: No README data found!',
21 silly publish   _id: 'hello-world@1.0.0',
21 silly publish   _shasum: 'dd830e841613a1877aee5fb13aa6ca0969352143',
21 silly publish   _from: '.' }
22 verbose getPublishConfig undefined
23 silly mapToRegistry name hello-world
24 silly mapToRegistry using default registry
25 silly mapToRegistry registry https://registry.npmjs.org/
26 silly mapToRegistry data Result {
26 silly mapToRegistry   raw: 'hello-world',
26 silly mapToRegistry   scope: null,
26 silly mapToRegistry   escapedName: 'hello-world',
26 silly mapToRegistry   name: 'hello-world',
26 silly mapToRegistry   rawSpec: '',
26 silly mapToRegistry   spec: 'latest',
26 silly mapToRegistry   type: 'tag' }
27 silly mapToRegistry uri https://registry.npmjs.org/hello-world
28 verbose publish registryBase https://registry.npmjs.org/
29 silly publish uploading /Users/andreas/.npm/hello-world/1.0.0/package.tgz
30 verbose request uri https://registry.npmjs.org/hello-world
31 verbose request sending authorization for write operation
32 info attempt registry request try #1 at 11:33:40
33 verbose request using bearer token for auth
34 verbose request id 637b771cb9b5cc32
35 http request PUT https://registry.npmjs.org/hello-world
36 http 403 https://registry.npmjs.org/hello-world
37 verbose headers { 'content-type': 'application/json',
37 verbose headers   'cache-control': 'max-age=300',
37 verbose headers   'content-length': '105',
37 verbose headers   'accept-ranges': 'bytes',
37 verbose headers   date: 'Tue, 26 Sep 2017 15:33:40 GMT',
37 verbose headers   via: '1.1 varnish',
37 verbose headers   connection: 'keep-alive',
37 verbose headers   'x-served-by': 'cache-ewr18139-EWR',
37 verbose headers   'x-cache': 'MISS',
37 verbose headers   'x-cache-hits': '0',
37 verbose headers   'x-timer': 'S1506440020.042515,VS0,VE263',
37 verbose headers   vary: 'Accept-Encoding, Accept' }
38 verbose request invalidating /Users/andreas/.npm/registry.npmjs.org/hello-world on PUT
39 error publish Failed PUT 403
40 verbose stack Error: You do not have permission to publish "hello-world". Are you logged in as the correct user? : hello-world
40 verbose stack     at makeError (/usr/local/lib/node_modules/npm/node_modules/npm-registry-client/lib/request.js:302:12)
40 verbose stack     at CachingRegistryClient.<anonymous> (/usr/local/lib/node_modules/npm/node_modules/npm-registry-client/lib/request.js:290:14)
40 verbose stack     at Request._callback (/usr/local/lib/node_modules/npm/node_modules/npm-registry-client/lib/request.js:210:14)
40 verbose stack     at Request.self.callback (/usr/local/lib/node_modules/npm/node_modules/request/request.js:187:22)
40 verbose stack     at emitTwo (events.js:106:13)
40 verbose stack     at Request.emit (events.js:191:7)
40 verbose stack     at Request.<anonymous> (/usr/local/lib/node_modules/npm/node_modules/request/request.js:1048:10)
40 verbose stack     at emitOne (events.js:96:13)
40 verbose stack     at Request.emit (events.js:188:7)
40 verbose stack     at IncomingMessage.<anonymous> (/usr/local/lib/node_modules/npm/node_modules/request/request.js:969:12)
41 verbose statusCode 403
42 verbose pkgid hello-world
43 verbose cwd /Users/andreas/Documents/Web/Node/Intro
44 error Darwin 14.5.0
45 error argv "/usr/local/bin/node" "/usr/local/bin/npm" "publish"
46 error node v7.2.1
47 error npm  v3.10.10
48 error code E403
49 error You do not have permission to publish "hello-world". Are you logged in as the correct user? : hello-world
50 error If you need help, you may report this error at:
50 error     <https://github.com/npm/npm/issues>
51 verbose exit [ 1, true ]
